<?xml version="1.0" encoding="UTF-8"?>
<testsuite xmlns:xsi="http://www.w3.org/2001/XMLSchema-instance" xsi:noNamespaceSchemaLocation="https://maven.apache.org/surefire/maven-surefire-plugin/xsd/surefire-test-report.xsd" name="com.github.trino.querylog.QueryLogListenerFactoryTest" time="0.001" tests="2" errors="0" skipped="0" failures="0">
  <properties>
    <property name="sun.desktop" value="gnome"/>
    <property name="awt.toolkit" value="sun.awt.X11.XToolkit"/>
    <property name="java.specification.version" value="11"/>
    <property name="sun.cpu.isalist" value=""/>
    <property name="sun.jnu.encoding" value="UTF-8"/>
    <property name="java.class.path" value="/home/pingpon/trino-querylog/target/test-classes:/home/pingpon/trino-querylog/target/classes:/home/pingpon/.m2/repository/io/trino/trino-spi/351/trino-spi-351.jar:/home/pingpon/.m2/repository/io/airlift/slice/0.39/slice-0.39.jar:/home/pingpon/.m2/repository/org/openjdk/jol/jol-core/0.2/jol-core-0.2.jar:/home/pingpon/.m2/repository/org/apache/logging/log4j/log4j-core/2.14.0/log4j-core-2.14.0.jar:/home/pingpon/.m2/repository/org/apache/logging/log4j/log4j-api/2.14.0/log4j-api-2.14.0.jar:/home/pingpon/.m2/repository/com/fasterxml/jackson/core/jackson-databind/2.10.5/jackson-databind-2.10.5.jar:/home/pingpon/.m2/repository/com/fasterxml/jackson/core/jackson-core/2.10.5/jackson-core-2.10.5.jar:/home/pingpon/.m2/repository/com/fasterxml/jackson/core/jackson-annotations/2.10.5/jackson-annotations-2.10.5.jar:/home/pingpon/.m2/repository/org/junit/jupiter/junit-jupiter-api/5.7.1/junit-jupiter-api-5.7.1.jar:/home/pingpon/.m2/repository/org/apiguardian/apiguardian-api/1.1.0/apiguardian-api-1.1.0.jar:/home/pingpon/.m2/repository/org/opentest4j/opentest4j/1.2.0/opentest4j-1.2.0.jar:/home/pingpon/.m2/repository/org/junit/platform/junit-platform-commons/1.7.1/junit-platform-commons-1.7.1.jar:/home/pingpon/.m2/repository/org/junit/jupiter/junit-jupiter-engine/5.7.1/junit-jupiter-engine-5.7.1.jar:/home/pingpon/.m2/repository/org/junit/platform/junit-platform-engine/1.7.1/junit-platform-engine-1.7.1.jar:"/>
    <property name="java.vm.vendor" value="Ubuntu"/>
    <property name="sun.arch.data.model" value="64"/>
    <property name="java.vendor.url" value="https://ubuntu.com/"/>
    <property name="user.timezone" value=""/>
    <property name="java.vm.specification.version" value="11"/>
    <property name="os.name" value="Linux"/>
    <property name="sun.java.launcher" value="SUN_STANDARD"/>
    <property name="user.country" value="US"/>
    <property name="sun.boot.library.path" value="/usr/lib/jvm/java-11-openjdk-amd64/lib"/>
    <property name="sun.java.command" value="/home/pingpon/trino-querylog/target/surefire/surefirebooter12830047730668291948.jar /home/pingpon/trino-querylog/target/surefire 2021-08-04T21-11-59_372-jvmRun1 surefire14142220148448124978tmp surefire_013067368083191064836tmp"/>
    <property name="jdk.debug" value="release"/>
    <property name="surefire.test.class.path" value="/home/pingpon/trino-querylog/target/test-classes:/home/pingpon/trino-querylog/target/classes:/home/pingpon/.m2/repository/io/trino/trino-spi/351/trino-spi-351.jar:/home/pingpon/.m2/repository/io/airlift/slice/0.39/slice-0.39.jar:/home/pingpon/.m2/repository/org/openjdk/jol/jol-core/0.2/jol-core-0.2.jar:/home/pingpon/.m2/repository/org/apache/logging/log4j/log4j-core/2.14.0/log4j-core-2.14.0.jar:/home/pingpon/.m2/repository/org/apache/logging/log4j/log4j-api/2.14.0/log4j-api-2.14.0.jar:/home/pingpon/.m2/repository/com/fasterxml/jackson/core/jackson-databind/2.10.5/jackson-databind-2.10.5.jar:/home/pingpon/.m2/repository/com/fasterxml/jackson/core/jackson-core/2.10.5/jackson-core-2.10.5.jar:/home/pingpon/.m2/repository/com/fasterxml/jackson/core/jackson-annotations/2.10.5/jackson-annotations-2.10.5.jar:/home/pingpon/.m2/repository/org/junit/jupiter/junit-jupiter-api/5.7.1/junit-jupiter-api-5.7.1.jar:/home/pingpon/.m2/repository/org/apiguardian/apiguardian-api/1.1.0/apiguardian-api-1.1.0.jar:/home/pingpon/.m2/repository/org/opentest4j/opentest4j/1.2.0/opentest4j-1.2.0.jar:/home/pingpon/.m2/repository/org/junit/platform/junit-platform-commons/1.7.1/junit-platform-commons-1.7.1.jar:/home/pingpon/.m2/repository/org/junit/jupiter/junit-jupiter-engine/5.7.1/junit-jupiter-engine-5.7.1.jar:/home/pingpon/.m2/repository/org/junit/platform/junit-platform-engine/1.7.1/junit-platform-engine-1.7.1.jar:"/>
    <property name="sun.cpu.endian" value="little"/>
    <property name="user.home" value="/home/pingpon"/>
    <property name="user.language" value="en"/>
    <property name="java.specification.vendor" value="Oracle Corporation"/>
    <property name="java.version.date" value="2021-04-20"/>
    <property name="java.home" value="/usr/lib/jvm/java-11-openjdk-amd64"/>
    <property name="file.separator" value="/"/>
    <property name="basedir" value="/home/pingpon/trino-querylog"/>
    <property name="java.vm.compressedOopsMode" value="Zero based"/>
    <property name="line.separator" value="&#10;"/>
    <property name="java.specification.name" value="Java Platform API Specification"/>
    <property name="java.vm.specification.vendor" value="Oracle Corporation"/>
    <property name="java.awt.graphicsenv" value="sun.awt.X11GraphicsEnvironment"/>
    <property name="surefire.real.class.path" value="/home/pingpon/trino-querylog/target/surefire/surefirebooter12830047730668291948.jar"/>
    <property name="sun.management.compiler" value="HotSpot 64-Bit Tiered Compilers"/>
    <property name="java.runtime.version" value="11.0.11+9-Ubuntu-0ubuntu2.20.04"/>
    <property name="user.name" value="pingpon"/>
    <property name="path.separator" value=":"/>
    <property name="os.version" value="5.8.0-63-generic"/>
    <property name="java.runtime.name" value="OpenJDK Runtime Environment"/>
    <property name="file.encoding" value="UTF-8"/>
    <property name="includeScope" value="runtime"/>
    <property name="java.vm.name" value="OpenJDK 64-Bit Server VM"/>
    <property name="localRepository" value="/home/pingpon/.m2/repository"/>
    <property name="java.vendor.url.bug" value="https://bugs.launchpad.net/ubuntu/+source/openjdk-lts"/>
    <property name="java.io.tmpdir" value="/tmp"/>
    <property name="java.version" value="11.0.11"/>
    <property name="user.dir" value="/home/pingpon/trino-querylog"/>
    <property name="os.arch" value="amd64"/>
    <property name="java.vm.specification.name" value="Java Virtual Machine Specification"/>
    <property name="java.awt.printerjob" value="sun.print.PSPrinterJob"/>
    <property name="sun.os.patch.level" value="unknown"/>
    <property name="java.library.path" value="/usr/java/packages/lib:/usr/lib/x86_64-linux-gnu/jni:/lib/x86_64-linux-gnu:/usr/lib/x86_64-linux-gnu:/usr/lib/jni:/lib:/usr/lib"/>
    <property name="java.vm.info" value="mixed mode, sharing"/>
    <property name="java.vendor" value="Ubuntu"/>
    <property name="java.vm.version" value="11.0.11+9-Ubuntu-0ubuntu2.20.04"/>
    <property name="sun.io.unicode.encoding" value="UnicodeLittle"/>
    <property name="java.class.version" value="55.0"/>
  </properties>
  <testcase name="getName" classname="com.github.trino.querylog.QueryLogListenerFactoryTest" time="0"/>
  <testcase name="createWithoutConfigShouldThrowException" classname="com.github.trino.querylog.QueryLogListenerFactoryTest" time="0"/>
</testsuite>